[debug] [2021-11-15T11:10:17.258Z] ----------------------------------------------------------------------
[debug] [2021-11-15T11:10:17.262Z] Command:       C:\Program Files\nodejs\node.exe C:\Users\AbuRaihan\AppData\Roaming\npm\node_modules\firebase-tools\lib\bin\firebase.js deploy
[debug] [2021-11-15T11:10:17.263Z] CLI Version:   9.21.0
[debug] [2021-11-15T11:10:17.263Z] Platform:      win32
[debug] [2021-11-15T11:10:17.263Z] Node Version:  v16.11.1
[debug] [2021-11-15T11:10:17.269Z] Time:          Mon Nov 15 2021 17:10:17 GMT+0600 (Bangladesh Standard Time)
[debug] [2021-11-15T11:10:17.270Z] ----------------------------------------------------------------------
[debug] 
[debug] [2021-11-15T11:10:17.433Z] > command requires scopes: ["email","openid","https://www.googleapis.com/auth/cloudplatformprojects.readonly","https://www.googleapis.com/auth/firebase","https://www.googleapis.com/auth/cloud-platform"]
[debug] [2021-11-15T11:10:17.434Z] > authorizing via signed-in user (aburaihan8715@gmail.com)
[debug] [2021-11-15T11:10:17.434Z] [iam] checking project exclusive-motors-client for permissions ["firebase.projects.get","firebasehosting.sites.update"]
[debug] [2021-11-15T11:10:17.438Z] > refreshing access token with scopes: ["email","https://www.googleapis.com/auth/cloud-platform","https://www.googleapis.com/auth/cloudplatformprojects.readonly","https://www.googleapis.com/auth/firebase","openid"]
[debug] [2021-11-15T11:10:17.439Z] >>> HTTP REQUEST POST https://www.googleapis.com/oauth2/v3/token  
 <request body omitted>
[debug] [2021-11-15T11:10:18.125Z] <<< HTTP RESPONSE 200 {"expires":"Mon, 01 Jan 1990 00:00:00 GMT","cache-control":"no-cache, no-store, max-age=0, must-revalidate","pragma":"no-cache","date":"Mon, 15 Nov 2021 11:10:59 GMT","content-type":"application/json; charset=utf-8","vary":"X-Origin, Referer, Origin,Accept-Encoding","server":"scaffolding on HTTPServer2","x-xss-protection":"0","x-frame-options":"SAMEORIGIN","x-content-type-options":"nosniff","alt-svc":"clear","accept-ranges":"none","transfer-encoding":"chunked"}
[debug] [2021-11-15T11:10:18.141Z] >>> HTTP REQUEST POST https://cloudresourcemanager.googleapis.com/v1/projects/exclusive-motors-client:testIamPermissions  
 {"permissions":["firebase.projects.get","firebasehosting.sites.update"]}
[debug] [2021-11-15T11:10:19.856Z] <<< HTTP RESPONSE 200 {"content-type":"application/json; charset=UTF-8","vary":"X-Origin, Referer, Origin,Accept-Encoding","date":"Mon, 15 Nov 2021 11:11:01 GMT","server":"ESF","cache-control":"private","x-xss-protection":"0","x-frame-options":"SAMEORIGIN","x-content-type-options":"nosniff","server-timing":"gfet4t7; dur=1154","alt-svc":"clear","accept-ranges":"none","transfer-encoding":"chunked"}
[debug] [2021-11-15T11:10:19.862Z] > refreshing access token with scopes: []
[debug] [2021-11-15T11:10:19.862Z] >>> HTTP REQUEST POST https://www.googleapis.com/oauth2/v3/token  
 <request body omitted>
[debug] [2021-11-15T11:10:20.202Z] <<< HTTP RESPONSE 200 {"cache-control":"no-cache, no-store, max-age=0, must-revalidate","pragma":"no-cache","date":"Mon, 15 Nov 2021 11:11:02 GMT","expires":"Mon, 01 Jan 1990 00:00:00 GMT","content-type":"application/json; charset=utf-8","vary":"X-Origin, Referer, Origin,Accept-Encoding","server":"scaffolding on HTTPServer2","x-xss-protection":"0","x-frame-options":"SAMEORIGIN","x-content-type-options":"nosniff","alt-svc":"clear","accept-ranges":"none","transfer-encoding":"chunked"}
[debug] [2021-11-15T11:10:20.226Z] >>> [apiv2][query] GET https://firebase.googleapis.com/v1beta1/projects/exclusive-motors-client [none]
[debug] [2021-11-15T11:10:20.969Z] <<< [apiv2][status] GET https://firebase.googleapis.com/v1beta1/projects/exclusive-motors-client 200
[debug] [2021-11-15T11:10:20.969Z] <<< [apiv2][body] GET https://firebase.googleapis.com/v1beta1/projects/exclusive-motors-client {"projectId":"exclusive-motors-client","projectNumber":"109363021410","displayName":"exclusive-motors-client","name":"projects/exclusive-motors-client","resources":{"hostingSite":"exclusive-motors-client"},"state":"ACTIVE"}
[info] 
[info] === Deploying to 'exclusive-motors-client'...
[info] 
[info] i  deploying hosting 
[debug] [2021-11-15T11:10:20.984Z] > refreshing access token with scopes: ["email","https://www.googleapis.com/auth/cloud-platform","https://www.googleapis.com/auth/cloudplatformprojects.readonly","https://www.googleapis.com/auth/firebase","openid"]
[debug] [2021-11-15T11:10:20.984Z] >>> HTTP REQUEST POST https://www.googleapis.com/oauth2/v3/token  
 <request body omitted>
[debug] [2021-11-15T11:10:21.329Z] <<< HTTP RESPONSE 200 {"date":"Mon, 15 Nov 2021 11:11:03 GMT","pragma":"no-cache","cache-control":"no-cache, no-store, max-age=0, must-revalidate","expires":"Mon, 01 Jan 1990 00:00:00 GMT","content-type":"application/json; charset=utf-8","vary":"X-Origin, Referer, Origin,Accept-Encoding","server":"scaffolding on HTTPServer2","x-xss-protection":"0","x-frame-options":"SAMEORIGIN","x-content-type-options":"nosniff","alt-svc":"clear","accept-ranges":"none","transfer-encoding":"chunked"}
[debug] [2021-11-15T11:10:21.352Z] >>> HTTP REQUEST POST https://firebasehosting.googleapis.com/v1beta1/sites/exclusive-motors-client/versions  
 {"config":{"rewrites":[{"glob":"**","path":"/index.html"}]},"labels":{"deployment-tool":"cli-firebase"}}
[debug] [2021-11-15T11:10:33.445Z] <<< HTTP RESPONSE 503 {"vary":"X-Origin, Referer, Origin,Accept-Encoding","content-type":"application/json; charset=UTF-8","date":"Mon, 15 Nov 2021 11:11:14 GMT","server":"ESF","cache-control":"private","x-xss-protection":"0","x-frame-options":"SAMEORIGIN","x-content-type-options":"nosniff","alt-svc":"clear","accept-ranges":"none","transfer-encoding":"chunked"}
[debug] [2021-11-15T11:10:33.446Z] <<< HTTP RESPONSE BODY {"error":{"code":503,"message":"The service is currently unavailable.","status":"UNAVAILABLE"}}
[error] 
[error] Error: HTTP Error: 503, The service is currently unavailable.
[debug] [2021-11-15T11:10:34.472Z] Error Context: {
  "body": {
    "error": {
      "code": 503,
      "message": "The service is currently unavailable.",
      "status": "UNAVAILABLE"
    }
  },
  "response": {
    "statusCode": 503,
    "body": {
      "error": {
        "code": 503,
        "message": "The service is currently unavailable.",
        "status": "UNAVAILABLE"
      }
    },
    "headers": {
      "vary": "X-Origin, Referer, Origin,Accept-Encoding",
      "content-type": "application/json; charset=UTF-8",
      "date": "Mon, 15 Nov 2021 11:11:14 GMT",
      "server": "ESF",
      "cache-control": "private",
      "x-xss-protection": "0",
      "x-frame-options": "SAMEORIGIN",
      "x-content-type-options": "nosniff",
      "alt-svc": "clear",
      "accept-ranges": "none",
      "transfer-encoding": "chunked"
    },
    "request": {
      "uri": {
        "protocol": "https:",
        "slashes": true,
        "auth": null,
        "host": "firebasehosting.googleapis.com",
        "port": 443,
        "hostname": "firebasehosting.googleapis.com",
        "hash": null,
        "search": null,
        "query": null,
        "pathname": "/v1beta1/sites/exclusive-motors-client/versions",
        "path": "/v1beta1/sites/exclusive-motors-client/versions",
        "href": "https://firebasehosting.googleapis.com/v1beta1/sites/exclusive-motors-client/versions"
      },
      "method": "POST"
    }
  }
}
